[ 2016-08-02T09:04:17+08:00 ] 127.0.0.1 /6x/index.php/video/index/nj/1
INFO: [ app_init ] --START--
INFO: Run Behavior\BuildLiteBehavior [ RunTime:0.000000s ]
INFO: [ app_init ] --END-- [ RunTime:0.000000s ]
ERR: 无法加载模块:Video

[ 2016-08-02T09:04:24+08:00 ] 127.0.0.1 /6x/index.php/video/index/nj/1
INFO: [ app_init ] --START--
INFO: Run Behavior\BuildLiteBehavior [ RunTime:0.000000s ]
INFO: [ app_init ] --END-- [ RunTime:0.000000s ]
ERR: 无法加载模块:Video

[ 2016-08-02T09:05:57+08:00 ] 127.0.0.1 /6x/index.php/video/index/nj/1
INFO: [ app_init ] --START--
INFO: Run Behavior\BuildLiteBehavior [ RunTime:0.000000s ]
INFO: [ app_init ] --END-- [ RunTime:0.000000s ]
ERR: 无法加载模块:Video

[ 2016-08-02T09:09:48+08:00 ] 127.0.0.1 /6x/index.php/video/index/nj/1
INFO: [ app_init ] --START--
INFO: Run Behavior\BuildLiteBehavior [ RunTime:0.000000s ]
INFO: [ app_init ] --END-- [ RunTime:0.000000s ]
ERR: 无法加载模块:Video

[ 2016-08-02T09:13:22+08:00 ] 127.0.0.1 /6x/index.php/video/index/nj/1
INFO: [ app_init ] --START--
INFO: Run Behavior\BuildLiteBehavior [ RunTime:0.000000s ]
INFO: [ app_init ] --END-- [ RunTime:0.000000s ]
ERR: 无法加载模块:Video

[ 2016-08-02T09:14:28+08:00 ] 127.0.0.1 /6x/index.php/video/index/nj/1
INFO: [ app_init ] --START--
INFO: Run Behavior\BuildLiteBehavior [ RunTime:0.000000s ]
INFO: [ app_init ] --END-- [ RunTime:0.000000s ]
ERR: 无法加载模块:Video

[ 2016-08-02T09:15:18+08:00 ] 127.0.0.1 /6x/index.php/video/index/nj/1
INFO: [ app_init ] --START--
INFO: Run Behavior\BuildLiteBehavior [ RunTime:0.000000s ]
INFO: [ app_init ] --END-- [ RunTime:0.000000s ]
ERR: 无法加载模块:Video

[ 2016-08-02T09:18:23+08:00 ] 127.0.0.1 /6x/index.php/video/index/nj/1
INFO: [ app_init ] --START--
INFO: Run Behavior\BuildLiteBehavior [ RunTime:0.000000s ]
INFO: [ app_init ] --END-- [ RunTime:0.010000s ]
ERR: 无法加载模块:Video

[ 2016-08-02T09:20:15+08:00 ] 127.0.0.1 /6x/index.php/video/index/nj/1
INFO: [ app_init ] --START--
INFO: Run Behavior\BuildLiteBehavior [ RunTime:0.000000s ]
INFO: [ app_init ] --END-- [ RunTime:0.000000s ]
ERR: 无法加载模块:Video

[ 2016-08-02T09:25:17+08:00 ] 127.0.0.1 /6x/index.php/video/index/nj/1
INFO: [ app_init ] --START--
INFO: Run Behavior\BuildLiteBehavior [ RunTime:0.000000s ]
INFO: [ app_init ] --END-- [ RunTime:0.000000s ]
ERR: 无法加载模块:Video

[ 2016-08-02T09:27:43+08:00 ] 127.0.0.1 /6x/index.php/Video/index/nj/1
INFO: [ app_init ] --START--
INFO: Run Behavior\BuildLiteBehavior [ RunTime:0.000000s ]
INFO: [ app_init ] --END-- [ RunTime:0.000000s ]
ERR: 无法加载模块:Video

[ 2016-08-02T09:29:25+08:00 ] 127.0.0.1 /6x/index.php/Video/index
INFO: [ app_init ] --START--
INFO: Run Behavior\BuildLiteBehavior [ RunTime:0.000000s ]
INFO: [ app_init ] --END-- [ RunTime:0.001000s ]
ERR: 无法加载模块:Video

[ 2016-08-02T09:30:28+08:00 ] 127.0.0.1 /6x/index.php/index
INFO: [ app_init ] --START--
INFO: Run Behavior\BuildLiteBehavior [ RunTime:0.000000s ]
INFO: [ app_init ] --END-- [ RunTime:0.000000s ]
ERR: 无法加载模块:Index

[ 2016-08-02T09:31:34+08:00 ] 127.0.0.1 /6x/index.php/index/index
INFO: [ app_init ] --START--
INFO: Run Behavior\BuildLiteBehavior [ RunTime:0.000000s ]
INFO: [ app_init ] --END-- [ RunTime:0.000000s ]
ERR: 无法加载模块:Index

[ 2016-08-02T09:35:10+08:00 ] 127.0.0.1 /6x/index.php/Video/index/nj/1
INFO: [ app_init ] --START--
INFO: Run Behavior\BuildLiteBehavior [ RunTime:0.000000s ]
INFO: [ app_init ] --END-- [ RunTime:0.010000s ]
ERR: 无法加载模块:Video

[ 2016-08-02T09:38:33+08:00 ] 127.0.0.1 /6x/index.php/Video/index/nj/1
INFO: [ app_init ] --START--
INFO: Run Behavior\BuildLiteBehavior [ RunTime:0.000000s ]
INFO: [ app_init ] --END-- [ RunTime:0.000000s ]
ERR: 无法加载模块:Video

[ 2016-08-02T09:41:22+08:00 ] 127.0.0.1 /6x/index.php/Video/index/nj/1
INFO: [ app_init ] --START--
INFO: Run Behavior\BuildLiteBehavior [ RunTime:0.000000s ]
INFO: [ app_init ] --END-- [ RunTime:0.001000s ]
ERR: 无法加载模块:Video

[ 2016-08-02T10:07:37+08:00 ] 127.0.0.1 /6x/index.php/c=video&a=index&nj=1
INFO: [ app_init ] --START--
INFO: Run Behavior\BuildLiteBehavior [ RunTime:0.000000s ]
INFO: [ app_init ] --END-- [ RunTime:0.000000s ]
ERR: 无法加载模块:C=video&a=index&nj=1

[ 2016-08-02T15:26:00+08:00 ] 127.0.0.1 /6x/index.php/fengcai.php
INFO: [ app_init ] --START--
INFO: Run Behavior\BuildLiteBehavior [ RunTime:0.000000s ]
INFO: [ app_init ] --END-- [ RunTime:0.001000s ]
ERR: 无法加载模块:Fengcai

[ 2016-08-02T15:41:01+08:00 ] 127.0.0.1 /6x/index.php/index.php?c=video&a=index&nj=7
INFO: [ app_init ] --START--
INFO: Run Behavior\BuildLiteBehavior [ RunTime:0.000000s ]
INFO: [ app_init ] --END-- [ RunTime:0.000000s ]
ERR: 无法加载模块:Index

[ 2016-08-02T15:41:56+08:00 ] 127.0.0.1 /6x/index.php/index.php?c=video&a=index&nj=7
INFO: [ app_init ] --START--
INFO: Run Behavior\BuildLiteBehavior [ RunTime:0.000000s ]
INFO: [ app_init ] --END-- [ RunTime:0.000000s ]
ERR: 无法加载模块:Index

[ 2016-08-02T15:42:21+08:00 ] 127.0.0.1 /6x/index.php/index.php?c=video&a=index&nj=7
INFO: [ app_init ] --START--
INFO: Run Behavior\BuildLiteBehavior [ RunTime:0.000000s ]
INFO: [ app_init ] --END-- [ RunTime:0.000000s ]
ERR: 无法加载模块:Index

[ 2016-08-02T15:42:25+08:00 ] 127.0.0.1 /6x/index.php/index.php?c=video&a=index&nj=1
INFO: [ app_init ] --START--
INFO: Run Behavior\BuildLiteBehavior [ RunTime:0.000000s ]
INFO: [ app_init ] --END-- [ RunTime:0.001000s ]
ERR: 无法加载模块:Index

[ 2016-08-02T15:42:28+08:00 ] 127.0.0.1 /6x/index.php/index.php?c=video&a=index&nj=2
INFO: [ app_init ] --START--
INFO: Run Behavior\BuildLiteBehavior [ RunTime:0.000000s ]
INFO: [ app_init ] --END-- [ RunTime:0.001000s ]
ERR: 无法加载模块:Index

[ 2016-08-02T15:43:08+08:00 ] 127.0.0.1 /6x/index.php/index.php?c=video&a=index&nj=1
INFO: [ app_init ] --START--
INFO: Run Behavior\BuildLiteBehavior [ RunTime:0.000000s ]
INFO: [ app_init ] --END-- [ RunTime:0.001000s ]
ERR: 无法加载模块:Index

[ 2016-08-02T15:43:10+08:00 ] 127.0.0.1 /6x/index.php/index.php?c=video&a=index&nj=2
INFO: [ app_init ] --START--
INFO: Run Behavior\BuildLiteBehavior [ RunTime:0.000000s ]
INFO: [ app_init ] --END-- [ RunTime:0.001000s ]
ERR: 无法加载模块:Index

[ 2016-08-02T15:43:21+08:00 ] 127.0.0.1 /6x/index.php/index.php?c=video&a=index&nj=1
INFO: [ app_init ] --START--
INFO: Run Behavior\BuildLiteBehavior [ RunTime:0.000000s ]
INFO: [ app_init ] --END-- [ RunTime:0.001000s ]
ERR: 无法加载模块:Index

[ 2016-08-02T15:43:24+08:00 ] 127.0.0.1 /6x/index.php/index.php?c=video&a=index&nj=2
INFO: [ app_init ] --START--
INFO: Run Behavior\BuildLiteBehavior [ RunTime:0.000000s ]
INFO: [ app_init ] --END-- [ RunTime:0.000000s ]
ERR: 无法加载模块:Index

[ 2016-08-02T15:43:56+08:00 ] 127.0.0.1 /6x/index.php/index.php?c=video&a=index&nj=3
INFO: [ app_init ] --START--
INFO: Run Behavior\BuildLiteBehavior [ RunTime:0.000000s ]
INFO: [ app_init ] --END-- [ RunTime:0.000000s ]
ERR: 无法加载模块:Index

[ 2016-08-02T15:44:05+08:00 ] 127.0.0.1 /6x/index.php/index.php?c=video&a=index&nj=1
INFO: [ app_init ] --START--
INFO: Run Behavior\BuildLiteBehavior [ RunTime:0.000000s ]
INFO: [ app_init ] --END-- [ RunTime:0.001000s ]
ERR: 无法加载模块:Index

[ 2016-08-02T15:48:34+08:00 ] 127.0.0.1 /6x/index.php/index.php?c=video&a=index&nj=7
INFO: [ app_init ] --START--
INFO: Run Behavior\BuildLiteBehavior [ RunTime:0.000000s ]
INFO: [ app_init ] --END-- [ RunTime:0.000000s ]
ERR: 无法加载模块:Index

[ 2016-08-02T15:52:37+08:00 ] 127.0.0.1 /6x/index.php/index.php?c=video&a=index&nj=7
INFO: [ app_init ] --START--
INFO: Run Behavior\BuildLiteBehavior [ RunTime:0.000000s ]
INFO: [ app_init ] --END-- [ RunTime:0.001000s ]
ERR: 无法加载模块:Index

