[ 2016-07-24T23:56:33+08:00 ] ::1 /tyhcms/admin.php
INFO: [ app_init ] --START--
INFO: Run Behavior\BuildLiteBehavior [ RunTime:0.000000s ]
INFO: [ app_init ] --END-- [ RunTime:0.001000s ]
INFO: [ app_begin ] --START--
INFO: Run Behavior\ReadHtmlCacheBehavior [ RunTime:0.001000s ]
INFO: [ app_begin ] --END-- [ RunTime:0.001000s ]
NOTIC: [8] Undefined variable: module D:\wamp64\www\tyhcms\ThinkPHP\Common\functions.php 第 990 行.
NOTIC: [8] Undefined variable: var D:\wamp64\www\tyhcms\ThinkPHP\Common\functions.php 第 990 行.
NOTIC: [2] array_reverse() expects parameter 1 to be array, null given D:\wamp64\www\tyhcms\ThinkPHP\Common\functions.php 第 990 行.
NOTIC: [2] http_build_query(): Parameter 1 expected to be Array or Object.  Incorrect value given D:\wamp64\www\tyhcms\ThinkPHP\Common\functions.php 第 990 行.

[ 2016-07-24T23:56:34+08:00 ] ::1 /tyhcms/admin.php?m=&&c=index
INFO: [ app_init ] --START--
INFO: Run Behavior\BuildLiteBehavior [ RunTime:0.000000s ]
INFO: [ app_init ] --END-- [ RunTime:0.001000s ]
INFO: [ app_begin ] --START--
INFO: Run Behavior\ReadHtmlCacheBehavior [ RunTime:0.001000s ]
INFO: [ app_begin ] --END-- [ RunTime:0.001000s ]
INFO: [ view_parse ] --START--
INFO: [ template_filter ] --START--
INFO: Run Behavior\ContentReplaceBehavior [ RunTime:0.000000s ]
INFO: [ template_filter ] --END-- [ RunTime:0.000000s ]
NOTIC: [2048] Declaration of Common\Model\MenuModel::find() should be compatible with Think\Model::find($options = Array) D:\wamp64\www\tyhcms\Application\Common\Model\MenuModel.class.php 第 6 行.
SQL: SHOW COLUMNS FROM `cms_menu` [ RunTime:0.0020s ]
SQL: SELECT * FROM `cms_menu` WHERE `status` <> -1 ORDER BY listorder asc,menu_id asc  [ RunTime:0.0000s ]
NOTIC: [8] Undefined index: a D:\wamp64\www\tyhcms\Application\Common\Common\function.php 第 36 行.
NOTIC: [8] Undefined index: a D:\wamp64\www\tyhcms\Application\Common\Common\function.php 第 36 行.
NOTIC: [8] Undefined index: a D:\wamp64\www\tyhcms\Application\Common\Common\function.php 第 36 行.
NOTIC: [8] Undefined index: a D:\wamp64\www\tyhcms\Application\Common\Common\function.php 第 36 行.
NOTIC: [8] Undefined index: a D:\wamp64\www\tyhcms\Application\Common\Common\function.php 第 36 行.
NOTIC: [8] Undefined index: a D:\wamp64\www\tyhcms\Application\Common\Common\function.php 第 36 行.
NOTIC: [8] Undefined index: a D:\wamp64\www\tyhcms\Application\Common\Common\function.php 第 36 行.
NOTIC: [8] Undefined index: a D:\wamp64\www\tyhcms\Application\Common\Common\function.php 第 36 行.
NOTIC: [8] Undefined index: a D:\wamp64\www\tyhcms\Application\Common\Common\function.php 第 36 行.
INFO: Run Behavior\ParseTemplateBehavior [ RunTime:0.032002s ]
INFO: [ view_parse ] --END-- [ RunTime:0.032002s ]
INFO: [ view_filter ] --START--
INFO: Run Behavior\WriteHtmlCacheBehavior [ RunTime:0.001000s ]
INFO: [ view_filter ] --END-- [ RunTime:0.001000s ]
INFO: [ app_end ] --START--
INFO: Run Behavior\ShowPageTraceBehavior [ RunTime:0.001000s ]
INFO: [ app_end ] --END-- [ RunTime:0.002000s ]

[ 2016-07-24T23:57:03+08:00 ] ::1 /tyhcms/admin.php?c=menu
INFO: [ app_init ] --START--
INFO: Run Behavior\BuildLiteBehavior [ RunTime:0.000000s ]
INFO: [ app_init ] --END-- [ RunTime:0.000000s ]
INFO: [ app_begin ] --START--
INFO: Run Behavior\ReadHtmlCacheBehavior [ RunTime:0.001000s ]
INFO: [ app_begin ] --END-- [ RunTime:0.001000s ]
NOTIC: [8] Undefined index: p D:\wamp64\www\tyhcms\Application\Admin\Controller\MenuController.class.php 第 56 行.
NOTIC: [8] Undefined index: pageSize D:\wamp64\www\tyhcms\Application\Admin\Controller\MenuController.class.php 第 57 行.
NOTIC: [2048] Declaration of Common\Model\MenuModel::find() should be compatible with Think\Model::find($options = Array) D:\wamp64\www\tyhcms\Application\Common\Model\MenuModel.class.php 第 6 行.
SQL: SHOW COLUMNS FROM `cms_menu` [ RunTime:0.0010s ]
SQL: SELECT * FROM `cms_menu` WHERE `status` <> -1 ORDER BY listorder asc,menu_id asc LIMIT 0,10   [ RunTime:0.0010s ]
SQL: SELECT COUNT(*) AS tp_count FROM `cms_menu` WHERE `status` <> '-1' LIMIT 1   [ RunTime:0.0000s ]
INFO: [ view_parse ] --START--
INFO: [ template_filter ] --START--
INFO: Run Behavior\ContentReplaceBehavior [ RunTime:0.000000s ]
INFO: [ template_filter ] --END-- [ RunTime:0.001000s ]
SQL: SELECT * FROM `cms_menu` WHERE `status` <> -1 ORDER BY listorder asc,menu_id asc  [ RunTime:0.0010s ]
NOTIC: [8] Undefined index: a D:\wamp64\www\tyhcms\Application\Common\Common\function.php 第 36 行.
NOTIC: [8] Undefined index: a D:\wamp64\www\tyhcms\Application\Common\Common\function.php 第 36 行.
NOTIC: [8] Undefined index: a D:\wamp64\www\tyhcms\Application\Common\Common\function.php 第 36 行.
NOTIC: [8] Undefined index: a D:\wamp64\www\tyhcms\Application\Common\Common\function.php 第 36 行.
NOTIC: [8] Undefined index: a D:\wamp64\www\tyhcms\Application\Common\Common\function.php 第 36 行.
NOTIC: [8] Undefined index: a D:\wamp64\www\tyhcms\Application\Common\Common\function.php 第 36 行.
NOTIC: [8] Undefined index: a D:\wamp64\www\tyhcms\Application\Common\Common\function.php 第 36 行.
NOTIC: [8] Undefined index: a D:\wamp64\www\tyhcms\Application\Common\Common\function.php 第 36 行.
NOTIC: [8] Undefined index: a D:\wamp64\www\tyhcms\Application\Common\Common\function.php 第 36 行.
NOTIC: [8] Array to string conversion D:\wamp64\www\tyhcms\Application\Runtime\Cache\Admin\b956215329b6f9aca22277599a4efdfc.php 第 102 行.
INFO: Run Behavior\ParseTemplateBehavior [ RunTime:0.032002s ]
INFO: [ view_parse ] --END-- [ RunTime:0.033002s ]
INFO: [ view_filter ] --START--
INFO: Run Behavior\WriteHtmlCacheBehavior [ RunTime:0.002000s ]
INFO: [ view_filter ] --END-- [ RunTime:0.002000s ]
INFO: [ app_end ] --START--
INFO: Run Behavior\ShowPageTraceBehavior [ RunTime:0.002000s ]
INFO: [ app_end ] --END-- [ RunTime:0.002000s ]

[ 2016-07-24T23:57:06+08:00 ] ::1 /tyhcms/admin.php?c=content
INFO: [ app_init ] --START--
INFO: Run Behavior\BuildLiteBehavior [ RunTime:0.000000s ]
INFO: [ app_init ] --END-- [ RunTime:0.000000s ]
INFO: [ app_begin ] --START--
INFO: Run Behavior\ReadHtmlCacheBehavior [ RunTime:0.001000s ]
INFO: [ app_begin ] --END-- [ RunTime:0.001000s ]
NOTIC: [8] Undefined index: title D:\wamp64\www\tyhcms\Application\Admin\Controller\ContentController.class.php 第 16 行.
NOTIC: [8] Undefined index: catid D:\wamp64\www\tyhcms\Application\Admin\Controller\ContentController.class.php 第 20 行.
NOTIC: [8] Undefined index: p D:\wamp64\www\tyhcms\Application\Admin\Controller\ContentController.class.php 第 24 行.
NOTIC: [2048] Declaration of Common\Model\NewsModel::find() should be compatible with Think\Model::find($options = Array) D:\wamp64\www\tyhcms\Application\Common\Model\NewsModel.class.php 第 10 行.
SQL: SHOW COLUMNS FROM `cms_news` [ RunTime:0.0010s ]
SQL: SELECT * FROM `cms_news` WHERE `status` <> -1 ORDER BY listorder desc ,news_id desc LIMIT 0,5   [ RunTime:0.0010s ]
SQL: SELECT COUNT(*) AS tp_count FROM `cms_news` WHERE `status` <> -1 LIMIT 1   [ RunTime:0.0000s ]
NOTIC: [2048] Declaration of Common\Model\PositionModel::find() should be compatible with Think\Model::find($options = Array) D:\wamp64\www\tyhcms\Application\Common\Model\PositionModel.class.php 第 56 行.
SQL: SHOW COLUMNS FROM `cms_position` [ RunTime:0.0010s ]
SQL: SELECT * FROM `cms_position` WHERE `status` = 1 ORDER BY id  [ RunTime:0.0000s ]
NOTIC: [8] Undefined index: title D:\wamp64\www\tyhcms\Application\Admin\Controller\ContentController.class.php 第 41 行.
NOTIC: [8] Undefined index: catid D:\wamp64\www\tyhcms\Application\Admin\Controller\ContentController.class.php 第 42 行.
NOTIC: [2048] Declaration of Common\Model\MenuModel::find() should be compatible with Think\Model::find($options = Array) D:\wamp64\www\tyhcms\Application\Common\Model\MenuModel.class.php 第 99 行.
SQL: SHOW COLUMNS FROM `cms_menu` [ RunTime:0.0010s ]
SQL: SELECT * FROM `cms_menu` WHERE `status` = 1 AND `type` = 0 ORDER BY listorder desc,menu_id desc  [ RunTime:0.0010s ]
INFO: [ view_parse ] --START--
INFO: [ template_filter ] --START--
INFO: Run Behavior\ContentReplaceBehavior [ RunTime:0.001000s ]
INFO: [ template_filter ] --END-- [ RunTime:0.001000s ]
SQL: SELECT * FROM `cms_menu` WHERE `status` <> -1 ORDER BY listorder asc,menu_id asc  [ RunTime:0.0000s ]
NOTIC: [8] Undefined index: a D:\wamp64\www\tyhcms\Application\Common\Common\function.php 第 36 行.
NOTIC: [8] Undefined index: a D:\wamp64\www\tyhcms\Application\Common\Common\function.php 第 36 行.
NOTIC: [8] Undefined index: a D:\wamp64\www\tyhcms\Application\Common\Common\function.php 第 36 行.
NOTIC: [8] Undefined index: a D:\wamp64\www\tyhcms\Application\Common\Common\function.php 第 36 行.
NOTIC: [8] Undefined index: a D:\wamp64\www\tyhcms\Application\Common\Common\function.php 第 36 行.
NOTIC: [8] Undefined index: a D:\wamp64\www\tyhcms\Application\Common\Common\function.php 第 36 行.
NOTIC: [8] Undefined index: a D:\wamp64\www\tyhcms\Application\Common\Common\function.php 第 36 行.
NOTIC: [8] Undefined index: a D:\wamp64\www\tyhcms\Application\Common\Common\function.php 第 36 行.
NOTIC: [8] Undefined index: a D:\wamp64\www\tyhcms\Application\Common\Common\function.php 第 36 行.
INFO: Run Behavior\ParseTemplateBehavior [ RunTime:0.029002s ]
INFO: [ view_parse ] --END-- [ RunTime:0.029002s ]
INFO: [ view_filter ] --START--
INFO: Run Behavior\WriteHtmlCacheBehavior [ RunTime:0.001000s ]
INFO: [ view_filter ] --END-- [ RunTime:0.001000s ]
INFO: [ app_end ] --START--
INFO: Run Behavior\ShowPageTraceBehavior [ RunTime:0.002000s ]
INFO: [ app_end ] --END-- [ RunTime:0.002000s ]

[ 2016-07-24T23:57:09+08:00 ] ::1 /tyhcms/admin.php?c=position
INFO: [ app_init ] --START--
INFO: Run Behavior\BuildLiteBehavior [ RunTime:0.000000s ]
INFO: [ app_init ] --END-- [ RunTime:0.000000s ]
INFO: [ app_begin ] --START--
INFO: Run Behavior\ReadHtmlCacheBehavior [ RunTime:0.001000s ]
INFO: [ app_begin ] --END-- [ RunTime:0.001000s ]
NOTIC: [2048] Declaration of Common\Model\PositionModel::find() should be compatible with Think\Model::find($options = Array) D:\wamp64\www\tyhcms\Application\Common\Model\PositionModel.class.php 第 10 行.
SQL: SHOW COLUMNS FROM `cms_position` [ RunTime:0.0010s ]
SQL: SELECT * FROM `cms_position` WHERE `status` = 1 ORDER BY id  [ RunTime:0.0010s ]
INFO: [ view_parse ] --START--
INFO: [ template_filter ] --START--
INFO: Run Behavior\ContentReplaceBehavior [ RunTime:0.001000s ]
INFO: [ template_filter ] --END-- [ RunTime:0.001000s ]
NOTIC: [2048] Declaration of Common\Model\MenuModel::find() should be compatible with Think\Model::find($options = Array) D:\wamp64\www\tyhcms\Application\Common\Model\MenuModel.class.php 第 99 行.
SQL: SHOW COLUMNS FROM `cms_menu` [ RunTime:0.0010s ]
SQL: SELECT * FROM `cms_menu` WHERE `status` <> -1 ORDER BY listorder asc,menu_id asc  [ RunTime:0.0000s ]
NOTIC: [8] Undefined index: a D:\wamp64\www\tyhcms\Application\Common\Common\function.php 第 36 行.
NOTIC: [8] Undefined index: a D:\wamp64\www\tyhcms\Application\Common\Common\function.php 第 36 行.
NOTIC: [8] Undefined index: a D:\wamp64\www\tyhcms\Application\Common\Common\function.php 第 36 行.
NOTIC: [8] Undefined index: a D:\wamp64\www\tyhcms\Application\Common\Common\function.php 第 36 行.
NOTIC: [8] Undefined index: a D:\wamp64\www\tyhcms\Application\Common\Common\function.php 第 36 行.
NOTIC: [8] Undefined index: a D:\wamp64\www\tyhcms\Application\Common\Common\function.php 第 36 行.
NOTIC: [8] Undefined index: a D:\wamp64\www\tyhcms\Application\Common\Common\function.php 第 36 行.
NOTIC: [8] Undefined index: a D:\wamp64\www\tyhcms\Application\Common\Common\function.php 第 36 行.
NOTIC: [8] Undefined index: a D:\wamp64\www\tyhcms\Application\Common\Common\function.php 第 36 行.
INFO: Run Behavior\ParseTemplateBehavior [ RunTime:0.023002s ]
INFO: [ view_parse ] --END-- [ RunTime:0.023002s ]
INFO: [ view_filter ] --START--
INFO: Run Behavior\WriteHtmlCacheBehavior [ RunTime:0.000000s ]
INFO: [ view_filter ] --END-- [ RunTime:0.001000s ]
INFO: [ app_end ] --START--
INFO: Run Behavior\ShowPageTraceBehavior [ RunTime:0.001000s ]
INFO: [ app_end ] --END-- [ RunTime:0.001000s ]

[ 2016-07-24T23:57:11+08:00 ] ::1 /tyhcms/admin.php?c=cat
INFO: [ app_init ] --START--
INFO: Run Behavior\BuildLiteBehavior [ RunTime:0.000000s ]
INFO: [ app_init ] --END-- [ RunTime:0.000000s ]
INFO: [ app_begin ] --START--
INFO: Run Behavior\ReadHtmlCacheBehavior [ RunTime:0.015600s ]
INFO: [ app_begin ] --END-- [ RunTime:0.015600s ]
ERR: 无法加载控制器:Cat

[ 2016-07-24T23:57:15+08:00 ] ::1 /tyhcms/admin.php?c=cat
INFO: [ app_init ] --START--
INFO: Run Behavior\BuildLiteBehavior [ RunTime:0.000000s ]
INFO: [ app_init ] --END-- [ RunTime:0.000000s ]
INFO: [ app_begin ] --START--
INFO: Run Behavior\ReadHtmlCacheBehavior [ RunTime:0.000000s ]
INFO: [ app_begin ] --END-- [ RunTime:0.000000s ]
ERR: 无法加载控制器:Cat

[ 2016-07-24T23:57:20+08:00 ] ::1 /tyhcms/admin.php?c=cat
INFO: [ app_init ] --START--
INFO: Run Behavior\BuildLiteBehavior [ RunTime:0.000000s ]
INFO: [ app_init ] --END-- [ RunTime:0.000000s ]
INFO: [ app_begin ] --START--
INFO: Run Behavior\ReadHtmlCacheBehavior [ RunTime:0.000000s ]
INFO: [ app_begin ] --END-- [ RunTime:0.000000s ]
ERR: 无法加载控制器:Cat

[ 2016-07-24T23:57:26+08:00 ] ::1 /tyhcms/admin.php?c=basic
INFO: [ app_init ] --START--
INFO: Run Behavior\BuildLiteBehavior [ RunTime:0.000000s ]
INFO: [ app_init ] --END-- [ RunTime:0.000000s ]
INFO: [ app_begin ] --START--
INFO: Run Behavior\ReadHtmlCacheBehavior [ RunTime:0.000000s ]
INFO: [ app_begin ] --END-- [ RunTime:0.000000s ]
NOTIC: [2048] Declaration of Common\Model\BasicModel::save() should be compatible with Think\Model::save($data = '', $options = Array) D:\wamp64\www\tyhcms\Application\Common\Model\BasicModel.class.php 第 5 行.
NOTIC: [2048] Declaration of Common\Model\BasicModel::select() should be compatible with Think\Model::select($options = Array) D:\wamp64\www\tyhcms\Application\Common\Model\BasicModel.class.php 第 5 行.
INFO: [ view_parse ] --START--
INFO: [ template_filter ] --START--
INFO: Run Behavior\ContentReplaceBehavior [ RunTime:0.001000s ]
INFO: [ template_filter ] --END-- [ RunTime:0.001000s ]
NOTIC: [2048] Declaration of Common\Model\MenuModel::find() should be compatible with Think\Model::find($options = Array) D:\wamp64\www\tyhcms\Application\Common\Model\MenuModel.class.php 第 99 行.
SQL: SHOW COLUMNS FROM `cms_menu` [ RunTime:0.0010s ]
SQL: SELECT * FROM `cms_menu` WHERE `status` <> -1 ORDER BY listorder asc,menu_id asc  [ RunTime:0.0010s ]
NOTIC: [8] Undefined index: a D:\wamp64\www\tyhcms\Application\Common\Common\function.php 第 36 行.
NOTIC: [8] Undefined index: a D:\wamp64\www\tyhcms\Application\Common\Common\function.php 第 36 行.
NOTIC: [8] Undefined index: a D:\wamp64\www\tyhcms\Application\Common\Common\function.php 第 36 行.
NOTIC: [8] Undefined index: a D:\wamp64\www\tyhcms\Application\Common\Common\function.php 第 36 行.
NOTIC: [8] Undefined index: a D:\wamp64\www\tyhcms\Application\Common\Common\function.php 第 36 行.
NOTIC: [8] Undefined index: a D:\wamp64\www\tyhcms\Application\Common\Common\function.php 第 36 行.
NOTIC: [8] Undefined index: a D:\wamp64\www\tyhcms\Application\Common\Common\function.php 第 36 行.
NOTIC: [8] Undefined index: a D:\wamp64\www\tyhcms\Application\Common\Common\function.php 第 36 行.
NOTIC: [8] Undefined index: a D:\wamp64\www\tyhcms\Application\Common\Common\function.php 第 36 行.
INFO: Run Behavior\ParseTemplateBehavior [ RunTime:0.027001s ]
INFO: [ view_parse ] --END-- [ RunTime:0.028001s ]
INFO: [ view_filter ] --START--
INFO: Run Behavior\WriteHtmlCacheBehavior [ RunTime:0.001000s ]
INFO: [ view_filter ] --END-- [ RunTime:0.001000s ]
INFO: [ app_end ] --START--
INFO: Run Behavior\ShowPageTraceBehavior [ RunTime:0.000000s ]
INFO: [ app_end ] --END-- [ RunTime:0.002000s ]

[ 2016-07-24T23:57:28+08:00 ] ::1 /tyhcms/admin.php?c=cat
INFO: [ app_init ] --START--
INFO: Run Behavior\BuildLiteBehavior [ RunTime:0.000000s ]
INFO: [ app_init ] --END-- [ RunTime:0.000000s ]
INFO: [ app_begin ] --START--
INFO: Run Behavior\ReadHtmlCacheBehavior [ RunTime:0.015600s ]
INFO: [ app_begin ] --END-- [ RunTime:0.015600s ]
ERR: 无法加载控制器:Cat

[ 2016-07-24T23:57:32+08:00 ] ::1 /tyhcms/admin.php
INFO: [ app_init ] --START--
INFO: Run Behavior\BuildLiteBehavior [ RunTime:0.000000s ]
INFO: [ app_init ] --END-- [ RunTime:0.000000s ]
INFO: [ app_begin ] --START--
INFO: Run Behavior\ReadHtmlCacheBehavior [ RunTime:0.001000s ]
INFO: [ app_begin ] --END-- [ RunTime:0.001000s ]
NOTIC: [8] Undefined variable: module D:\wamp64\www\tyhcms\ThinkPHP\Common\functions.php 第 990 行.
NOTIC: [8] Undefined variable: var D:\wamp64\www\tyhcms\ThinkPHP\Common\functions.php 第 990 行.
NOTIC: [2] array_reverse() expects parameter 1 to be array, null given D:\wamp64\www\tyhcms\ThinkPHP\Common\functions.php 第 990 行.
NOTIC: [2] http_build_query(): Parameter 1 expected to be Array or Object.  Incorrect value given D:\wamp64\www\tyhcms\ThinkPHP\Common\functions.php 第 990 行.

[ 2016-07-24T23:57:32+08:00 ] ::1 /tyhcms/admin.php?m=&&c=index
INFO: [ app_init ] --START--
INFO: Run Behavior\BuildLiteBehavior [ RunTime:0.000000s ]
INFO: [ app_init ] --END-- [ RunTime:0.001000s ]
INFO: [ app_begin ] --START--
INFO: Run Behavior\ReadHtmlCacheBehavior [ RunTime:0.001000s ]
INFO: [ app_begin ] --END-- [ RunTime:0.001000s ]
INFO: [ view_parse ] --START--
INFO: [ template_filter ] --START--
INFO: Run Behavior\ContentReplaceBehavior [ RunTime:0.000000s ]
INFO: [ template_filter ] --END-- [ RunTime:0.000000s ]
NOTIC: [2048] Declaration of Common\Model\MenuModel::find() should be compatible with Think\Model::find($options = Array) D:\wamp64\www\tyhcms\Application\Common\Model\MenuModel.class.php 第 6 行.
SQL: SHOW COLUMNS FROM `cms_menu` [ RunTime:0.0010s ]
SQL: SELECT * FROM `cms_menu` WHERE `status` <> -1 ORDER BY listorder asc,menu_id asc  [ RunTime:0.0000s ]
NOTIC: [8] Undefined index: a D:\wamp64\www\tyhcms\Application\Common\Common\function.php 第 36 行.
NOTIC: [8] Undefined index: a D:\wamp64\www\tyhcms\Application\Common\Common\function.php 第 36 行.
NOTIC: [8] Undefined index: a D:\wamp64\www\tyhcms\Application\Common\Common\function.php 第 36 行.
NOTIC: [8] Undefined index: a D:\wamp64\www\tyhcms\Application\Common\Common\function.php 第 36 行.
NOTIC: [8] Undefined index: a D:\wamp64\www\tyhcms\Application\Common\Common\function.php 第 36 行.
NOTIC: [8] Undefined index: a D:\wamp64\www\tyhcms\Application\Common\Common\function.php 第 36 行.
NOTIC: [8] Undefined index: a D:\wamp64\www\tyhcms\Application\Common\Common\function.php 第 36 行.
NOTIC: [8] Undefined index: a D:\wamp64\www\tyhcms\Application\Common\Common\function.php 第 36 行.
NOTIC: [8] Undefined index: a D:\wamp64\www\tyhcms\Application\Common\Common\function.php 第 36 行.
INFO: Run Behavior\ParseTemplateBehavior [ RunTime:0.033002s ]
INFO: [ view_parse ] --END-- [ RunTime:0.033002s ]
INFO: [ view_filter ] --START--
INFO: Run Behavior\WriteHtmlCacheBehavior [ RunTime:0.000000s ]
INFO: [ view_filter ] --END-- [ RunTime:0.002000s ]
INFO: [ app_end ] --START--
INFO: Run Behavior\ShowPageTraceBehavior [ RunTime:0.001000s ]
INFO: [ app_end ] --END-- [ RunTime:0.002000s ]

[ 2016-07-24T23:57:34+08:00 ] ::1 /tyhcms/admin.php?c=cat
INFO: [ app_init ] --START--
INFO: Run Behavior\BuildLiteBehavior [ RunTime:0.000000s ]
INFO: [ app_init ] --END-- [ RunTime:0.000000s ]
INFO: [ app_begin ] --START--
INFO: Run Behavior\ReadHtmlCacheBehavior [ RunTime:0.015600s ]
INFO: [ app_begin ] --END-- [ RunTime:0.016600s ]
ERR: 无法加载控制器:Cat

[ 2016-07-24T23:59:16+08:00 ] ::1 /tyhcms/admin.php?c=cat
INFO: [ app_init ] --START--
INFO: Run Behavior\BuildLiteBehavior [ RunTime:0.000000s ]
INFO: [ app_init ] --END-- [ RunTime:0.000000s ]
INFO: [ app_begin ] --START--
INFO: Run Behavior\ReadHtmlCacheBehavior [ RunTime:0.015600s ]
INFO: [ app_begin ] --END-- [ RunTime:0.015600s ]
ERR: 无法加载控制器:Cat

[ 2016-07-24T23:59:21+08:00 ] ::1 /tyhcms/admin.php?c=menu
INFO: [ app_init ] --START--
INFO: Run Behavior\BuildLiteBehavior [ RunTime:0.000000s ]
INFO: [ app_init ] --END-- [ RunTime:0.000000s ]
INFO: [ app_begin ] --START--
INFO: Run Behavior\ReadHtmlCacheBehavior [ RunTime:0.000000s ]
INFO: [ app_begin ] --END-- [ RunTime:0.000000s ]
NOTIC: [8] Undefined index: p D:\wamp64\www\tyhcms\Application\Admin\Controller\MenuController.class.php 第 56 行.
NOTIC: [8] Undefined index: pageSize D:\wamp64\www\tyhcms\Application\Admin\Controller\MenuController.class.php 第 57 行.
NOTIC: [2048] Declaration of Common\Model\MenuModel::find() should be compatible with Think\Model::find($options = Array) D:\wamp64\www\tyhcms\Application\Common\Model\MenuModel.class.php 第 6 行.
SQL: SHOW COLUMNS FROM `cms_menu` [ RunTime:0.0010s ]
SQL: SELECT * FROM `cms_menu` WHERE `status` <> -1 ORDER BY listorder asc,menu_id asc LIMIT 0,10   [ RunTime:0.0010s ]
SQL: SELECT COUNT(*) AS tp_count FROM `cms_menu` WHERE `status` <> '-1' LIMIT 1   [ RunTime:0.0000s ]
INFO: [ view_parse ] --START--
INFO: [ template_filter ] --START--
INFO: Run Behavior\ContentReplaceBehavior [ RunTime:0.000000s ]
INFO: [ template_filter ] --END-- [ RunTime:0.001000s ]
SQL: SELECT * FROM `cms_menu` WHERE `status` <> -1 ORDER BY listorder asc,menu_id asc  [ RunTime:0.0010s ]
NOTIC: [8] Undefined index: a D:\wamp64\www\tyhcms\Application\Common\Common\function.php 第 36 行.
NOTIC: [8] Undefined index: a D:\wamp64\www\tyhcms\Application\Common\Common\function.php 第 36 行.
NOTIC: [8] Undefined index: a D:\wamp64\www\tyhcms\Application\Common\Common\function.php 第 36 行.
NOTIC: [8] Undefined index: a D:\wamp64\www\tyhcms\Application\Common\Common\function.php 第 36 行.
NOTIC: [8] Undefined index: a D:\wamp64\www\tyhcms\Application\Common\Common\function.php 第 36 行.
NOTIC: [8] Undefined index: a D:\wamp64\www\tyhcms\Application\Common\Common\function.php 第 36 行.
NOTIC: [8] Undefined index: a D:\wamp64\www\tyhcms\Application\Common\Common\function.php 第 36 行.
NOTIC: [8] Undefined index: a D:\wamp64\www\tyhcms\Application\Common\Common\function.php 第 36 行.
NOTIC: [8] Undefined index: a D:\wamp64\www\tyhcms\Application\Common\Common\function.php 第 36 行.
NOTIC: [8] Array to string conversion D:\wamp64\www\tyhcms\Application\Runtime\Cache\Admin\b956215329b6f9aca22277599a4efdfc.php 第 102 行.
INFO: Run Behavior\ParseTemplateBehavior [ RunTime:0.023001s ]
INFO: [ view_parse ] --END-- [ RunTime:0.024002s ]
INFO: [ view_filter ] --START--
INFO: Run Behavior\WriteHtmlCacheBehavior [ RunTime:0.001000s ]
INFO: [ view_filter ] --END-- [ RunTime:0.001000s ]
INFO: [ app_end ] --START--
INFO: Run Behavior\ShowPageTraceBehavior [ RunTime:0.001000s ]
INFO: [ app_end ] --END-- [ RunTime:0.001000s ]

[ 2016-07-24T23:59:42+08:00 ] ::1 /tyhcms/admin.php?c=cat
INFO: [ app_init ] --START--
INFO: Run Behavior\BuildLiteBehavior [ RunTime:0.000000s ]
INFO: [ app_init ] --END-- [ RunTime:0.000000s ]
INFO: [ app_begin ] --START--
INFO: Run Behavior\ReadHtmlCacheBehavior [ RunTime:0.001000s ]
INFO: [ app_begin ] --END-- [ RunTime:0.001000s ]
ERR: 无法加载控制器:Cat

[ 2016-07-24T23:59:45+08:00 ] ::1 /tyhcms/admin.php
INFO: [ app_init ] --START--
INFO: Run Behavior\BuildLiteBehavior [ RunTime:0.000000s ]
INFO: [ app_init ] --END-- [ RunTime:0.000000s ]
INFO: [ app_begin ] --START--
INFO: Run Behavior\ReadHtmlCacheBehavior [ RunTime:0.000000s ]
INFO: [ app_begin ] --END-- [ RunTime:0.000000s ]
NOTIC: [8] Undefined variable: module D:\wamp64\www\tyhcms\ThinkPHP\Common\functions.php 第 990 行.
NOTIC: [8] Undefined variable: var D:\wamp64\www\tyhcms\ThinkPHP\Common\functions.php 第 990 行.
NOTIC: [2] array_reverse() expects parameter 1 to be array, null given D:\wamp64\www\tyhcms\ThinkPHP\Common\functions.php 第 990 行.
NOTIC: [2] http_build_query(): Parameter 1 expected to be Array or Object.  Incorrect value given D:\wamp64\www\tyhcms\ThinkPHP\Common\functions.php 第 990 行.

[ 2016-07-24T23:59:45+08:00 ] ::1 /tyhcms/admin.php?m=&&c=index
INFO: [ app_init ] --START--
INFO: Run Behavior\BuildLiteBehavior [ RunTime:0.000000s ]
INFO: [ app_init ] --END-- [ RunTime:0.001000s ]
INFO: [ app_begin ] --START--
INFO: Run Behavior\ReadHtmlCacheBehavior [ RunTime:0.001000s ]
INFO: [ app_begin ] --END-- [ RunTime:0.001000s ]
INFO: [ view_parse ] --START--
INFO: [ template_filter ] --START--
INFO: Run Behavior\ContentReplaceBehavior [ RunTime:0.000000s ]
INFO: [ template_filter ] --END-- [ RunTime:0.000000s ]
NOTIC: [2048] Declaration of Common\Model\MenuModel::find() should be compatible with Think\Model::find($options = Array) D:\wamp64\www\tyhcms\Application\Common\Model\MenuModel.class.php 第 6 行.
SQL: SHOW COLUMNS FROM `cms_menu` [ RunTime:0.0010s ]
SQL: SELECT * FROM `cms_menu` WHERE `status` <> -1 ORDER BY listorder asc,menu_id asc  [ RunTime:0.0010s ]
NOTIC: [8] Undefined index: a D:\wamp64\www\tyhcms\Application\Common\Common\function.php 第 36 行.
NOTIC: [8] Undefined index: a D:\wamp64\www\tyhcms\Application\Common\Common\function.php 第 36 行.
NOTIC: [8] Undefined index: a D:\wamp64\www\tyhcms\Application\Common\Common\function.php 第 36 行.
NOTIC: [8] Undefined index: a D:\wamp64\www\tyhcms\Application\Common\Common\function.php 第 36 行.
NOTIC: [8] Undefined index: a D:\wamp64\www\tyhcms\Application\Common\Common\function.php 第 36 行.
NOTIC: [8] Undefined index: a D:\wamp64\www\tyhcms\Application\Common\Common\function.php 第 36 行.
NOTIC: [8] Undefined index: a D:\wamp64\www\tyhcms\Application\Common\Common\function.php 第 36 行.
NOTIC: [8] Undefined index: a D:\wamp64\www\tyhcms\Application\Common\Common\function.php 第 36 行.
NOTIC: [8] Undefined index: a D:\wamp64\www\tyhcms\Application\Common\Common\function.php 第 36 行.
INFO: Run Behavior\ParseTemplateBehavior [ RunTime:0.032002s ]
INFO: [ view_parse ] --END-- [ RunTime:0.032002s ]
INFO: [ view_filter ] --START--
INFO: Run Behavior\WriteHtmlCacheBehavior [ RunTime:0.001000s ]
INFO: [ view_filter ] --END-- [ RunTime:0.001000s ]
INFO: [ app_end ] --START--
INFO: Run Behavior\ShowPageTraceBehavior [ RunTime:0.002000s ]
INFO: [ app_end ] --END-- [ RunTime:0.002000s ]

[ 2016-07-24T23:59:52+08:00 ] ::1 /tyhcms/admin.php?c=menu
INFO: [ app_init ] --START--
INFO: Run Behavior\BuildLiteBehavior [ RunTime:0.000000s ]
INFO: [ app_init ] --END-- [ RunTime:0.000000s ]
INFO: [ app_begin ] --START--
INFO: Run Behavior\ReadHtmlCacheBehavior [ RunTime:0.001000s ]
INFO: [ app_begin ] --END-- [ RunTime:0.001000s ]
NOTIC: [8] Undefined index: p D:\wamp64\www\tyhcms\Application\Admin\Controller\MenuController.class.php 第 56 行.
NOTIC: [8] Undefined index: pageSize D:\wamp64\www\tyhcms\Application\Admin\Controller\MenuController.class.php 第 57 行.
NOTIC: [2048] Declaration of Common\Model\MenuModel::find() should be compatible with Think\Model::find($options = Array) D:\wamp64\www\tyhcms\Application\Common\Model\MenuModel.class.php 第 6 行.
SQL: SHOW COLUMNS FROM `cms_menu` [ RunTime:0.0010s ]
SQL: SELECT * FROM `cms_menu` WHERE `status` <> -1 ORDER BY listorder asc,menu_id asc LIMIT 0,10   [ RunTime:0.0010s ]
SQL: SELECT COUNT(*) AS tp_count FROM `cms_menu` WHERE `status` <> '-1' LIMIT 1   [ RunTime:0.0000s ]
INFO: [ view_parse ] --START--
INFO: [ template_filter ] --START--
INFO: Run Behavior\ContentReplaceBehavior [ RunTime:0.000000s ]
INFO: [ template_filter ] --END-- [ RunTime:0.000000s ]
SQL: SELECT * FROM `cms_menu` WHERE `status` <> -1 ORDER BY listorder asc,menu_id asc  [ RunTime:0.0000s ]
NOTIC: [8] Undefined index: a D:\wamp64\www\tyhcms\Application\Common\Common\function.php 第 36 行.
NOTIC: [8] Undefined index: a D:\wamp64\www\tyhcms\Application\Common\Common\function.php 第 36 行.
NOTIC: [8] Undefined index: a D:\wamp64\www\tyhcms\Application\Common\Common\function.php 第 36 行.
NOTIC: [8] Undefined index: a D:\wamp64\www\tyhcms\Application\Common\Common\function.php 第 36 行.
NOTIC: [8] Undefined index: a D:\wamp64\www\tyhcms\Application\Common\Common\function.php 第 36 行.
NOTIC: [8] Undefined index: a D:\wamp64\www\tyhcms\Application\Common\Common\function.php 第 36 行.
NOTIC: [8] Undefined index: a D:\wamp64\www\tyhcms\Application\Common\Common\function.php 第 36 行.
NOTIC: [8] Undefined index: a D:\wamp64\www\tyhcms\Application\Common\Common\function.php 第 36 行.
NOTIC: [8] Undefined index: a D:\wamp64\www\tyhcms\Application\Common\Common\function.php 第 36 行.
NOTIC: [8] Array to string conversion D:\wamp64\www\tyhcms\Application\Runtime\Cache\Admin\b956215329b6f9aca22277599a4efdfc.php 第 102 行.
INFO: Run Behavior\ParseTemplateBehavior [ RunTime:0.024001s ]
INFO: [ view_parse ] --END-- [ RunTime:0.024001s ]
INFO: [ view_filter ] --START--
INFO: Run Behavior\WriteHtmlCacheBehavior [ RunTime:0.001000s ]
INFO: [ view_filter ] --END-- [ RunTime:0.001000s ]
INFO: [ app_end ] --START--
INFO: Run Behavior\ShowPageTraceBehavior [ RunTime:0.001000s ]
INFO: [ app_end ] --END-- [ RunTime:0.001000s ]

